<?xml version="1.0" encoding="UTF-8" ?>
<testsuite tests="20" failures="0" name="com.runner.TestRunner" time="0.022" errors="0" skipped="5">
  <properties>
[...]
</properties>
  <testcase classname="| shailesh@test.com | password |" name="Given I am on automationpractice" time="0.002"/>
  <testcase classname="| shailesh@test.com | password |" name="When I click on SignIn link" time="0"/>
  <testcase classname="| shailesh@test.com | password |" name="And I enter username shailesh@test.com" time="0.001">
    <skipped/>
  </testcase>
  <testcase classname="| shailesh@test.com | password |" name="And I enter password password" time="0.002">
    <skipped/>
  </testcase>
  <testcase classname="| shailesh@test.com | password |" name="And I click SigIn button" time="0.003">
    <skipped/>
  </testcase>
  <testcase classname="| shailesh@test.com | password |" name="Then I should be logged in to the application" time="0.003">
    <skipped/>
  </testcase>
  <testcase classname="| shailesh@test.com | password |" name="| shailesh@test.com | password |" time="0.004">
    <skipped/>
  </testcase>
  <testcase classname="| shailesh@test.com | password |" name="| shailesh@test.com | password |" time="0.004"/>
  <testcase classname="| home |" name="Given I am testing" time="0"/>
  <testcase classname="| home |" name="When I am on home page" time="0"/>
  <testcase classname="| home |" name="Then This home page should display" time="0"/>
  <testcase classname="| home |" name="| home |" time="0.001"/>
  <testcase classname="| product |" name="Given I am testing" time="0"/>
  <testcase classname="| product |" name="When I am on product page" time="0.001"/>
  <testcase classname="| product |" name="Then This product page should display" time="0"/>
  <testcase classname="| product |" name="| product |" time="0.001"/>
  <testcase classname="Scenario: Test" name="Given I am testing" time="0"/>
  <testcase classname="Scenario: Test" name="When I am on page" time="0"/>
  <testcase classname="Scenario: Test" name="Then This page should display" time="0"/>
  <testcase classname="Scenario: Test" name="Scenario: Test" time="0"/>
</testsuite>